[2026-06-20T11:09:25.533+0000] {local_task_job_runner.py:123} INFO - ::group::Pre task execution logs
[2026-06-20T11:09:25.551+0000] {taskinstance.py:2612} INFO - Dependencies all met for dep_context=non-requeueable deps ti=<TaskInstance: stock_pipeline.run_stock_pipeline manual__2026-06-20T11:09:21.473558+00:00 [queued]>
[2026-06-20T11:09:25.560+0000] {taskinstance.py:2612} INFO - Dependencies all met for dep_context=requeueable deps ti=<TaskInstance: stock_pipeline.run_stock_pipeline manual__2026-06-20T11:09:21.473558+00:00 [queued]>
[2026-06-20T11:09:25.561+0000] {taskinstance.py:2865} INFO - Starting attempt 1 of 1
[2026-06-20T11:09:25.580+0000] {taskinstance.py:2888} INFO - Executing <Task(BashOperator): run_stock_pipeline> on 2026-06-20 11:09:21.473558+00:00
[2026-06-20T11:09:25.591+0000] {warnings.py:112} WARNING - /home/***/.local/lib/python3.12/site-packages/***/task/task_runner/standard_task_runner.py:70: DeprecationWarning: This process (pid=128) is multi-threaded, use of fork() may lead to deadlocks in the child.
  pid = os.fork()

[2026-06-20T11:09:25.593+0000] {standard_task_runner.py:72} INFO - Started process 130 to run task
[2026-06-20T11:09:25.593+0000] {standard_task_runner.py:104} INFO - Running: ['***', 'tasks', 'run', 'stock_pipeline', 'run_stock_pipeline', 'manual__2026-06-20T11:09:21.473558+00:00', '--job-id', '6', '--raw', '--subdir', 'DAGS_FOLDER/stock_pipeline_dag.py', '--cfg-path', '/tmp/tmpcnbxgq1n']
[2026-06-20T11:09:25.594+0000] {standard_task_runner.py:105} INFO - Job 6: Subtask run_stock_pipeline
[2026-06-20T11:09:25.676+0000] {task_command.py:467} INFO - Running <TaskInstance: stock_pipeline.run_stock_pipeline manual__2026-06-20T11:09:21.473558+00:00 [running]> on host f52fa9b59660
[2026-06-20T11:09:25.836+0000] {taskinstance.py:3131} INFO - Exporting env vars: AIRFLOW_CTX_DAG_OWNER='***' AIRFLOW_CTX_DAG_ID='stock_pipeline' AIRFLOW_CTX_TASK_ID='run_stock_pipeline' AIRFLOW_CTX_EXECUTION_DATE='2026-06-20T11:09:21.473558+00:00' AIRFLOW_CTX_TRY_NUMBER='1' AIRFLOW_CTX_DAG_RUN_ID='manual__2026-06-20T11:09:21.473558+00:00'
[2026-06-20T11:09:25.838+0000] {logging_mixin.py:190} INFO - Task instance is in running state
[2026-06-20T11:09:25.839+0000] {logging_mixin.py:190} INFO -  Previous state of the Task instance: queued
[2026-06-20T11:09:25.839+0000] {logging_mixin.py:190} INFO - Current task name:run_stock_pipeline state:running start_date:2026-06-20 11:09:25.552196+00:00
[2026-06-20T11:09:25.840+0000] {logging_mixin.py:190} INFO - Dag name:stock_pipeline and current dag run status:running
[2026-06-20T11:09:25.840+0000] {taskinstance.py:731} INFO - ::endgroup::
[2026-06-20T11:09:25.841+0000] {subprocess.py:63} INFO - Tmp dir root location: /tmp
[2026-06-20T11:09:25.844+0000] {subprocess.py:75} INFO - Running command: ['/usr/bin/bash', '-c', '\n        cd /opt/***/project &&\n        python pipelines/run_stock_pipeline.py\n        ']
[2026-06-20T11:09:25.862+0000] {subprocess.py:86} INFO - Output:
[2026-06-20T11:09:30.065+0000] {subprocess.py:93} INFO - Downloading NVDA...
[2026-06-20T11:09:30.065+0000] {subprocess.py:93} INFO - Downloading AMD...
[2026-06-20T11:09:30.066+0000] {subprocess.py:93} INFO - Downloading AVGO...
[2026-06-20T11:09:30.066+0000] {subprocess.py:93} INFO - Downloading META...
[2026-06-20T11:09:30.066+0000] {subprocess.py:93} INFO - Downloading BABA...
[2026-06-20T11:09:30.067+0000] {subprocess.py:93} INFO - Downloading TSM...
[2026-06-20T11:09:30.067+0000] {subprocess.py:93} INFO -         Date      Close       High        Low       Open     Volume ticker
[2026-06-20T11:09:30.067+0000] {subprocess.py:93} INFO - 0 2021-06-21  18.363731  18.472606  17.761315  18.371703  672384000   NVDA
[2026-06-20T11:09:30.067+0000] {subprocess.py:93} INFO - 1 2021-06-22  18.821644  18.898380  18.322620  18.407826  580144000   NVDA
[2026-06-20T11:09:30.068+0000] {subprocess.py:93} INFO - 2 2021-06-23  18.991564  19.086736  18.842579  18.942235  332356000   NVDA
[2026-06-20T11:09:30.068+0000] {subprocess.py:93} INFO - 3 2021-06-24  19.139299  19.353060  19.022453  19.161474  320924000   NVDA
[2026-06-20T11:09:30.068+0000] {subprocess.py:93} INFO - 4 2021-06-25  18.965399  19.278815  18.829370  19.214039  278364000   NVDA
[2026-06-20T11:09:30.069+0000] {subprocess.py:93} INFO - 
[2026-06-20T11:09:30.069+0000] {subprocess.py:93} INFO - Index(['Date', 'Close', 'High', 'Low', 'Open', 'Volume', 'ticker'], dtype='str')
[2026-06-20T11:09:30.069+0000] {subprocess.py:93} INFO - (7530, 7)
[2026-06-20T11:09:30.070+0000] {subprocess.py:93} INFO - 
[2026-06-20T11:09:30.070+0000] {subprocess.py:93} INFO - Ticker Counts:
[2026-06-20T11:09:30.071+0000] {subprocess.py:93} INFO - ticker
[2026-06-20T11:09:30.071+0000] {subprocess.py:93} INFO - NVDA    1255
[2026-06-20T11:09:30.071+0000] {subprocess.py:93} INFO - AMD     1255
[2026-06-20T11:09:30.072+0000] {subprocess.py:93} INFO - AVGO    1255
[2026-06-20T11:09:30.072+0000] {subprocess.py:93} INFO - META    1255
[2026-06-20T11:09:30.072+0000] {subprocess.py:93} INFO - BABA    1255
[2026-06-20T11:09:30.073+0000] {subprocess.py:93} INFO - TSM     1255
[2026-06-20T11:09:30.073+0000] {subprocess.py:93} INFO - Name: count, dtype: int64
[2026-06-20T11:09:30.073+0000] {subprocess.py:93} INFO - Saved to data/raw/stocks/stocks_raw.parquet
[2026-06-20T11:09:34.361+0000] {subprocess.py:93} INFO - Traceback (most recent call last):
[2026-06-20T11:09:34.363+0000] {subprocess.py:93} INFO -   File "/opt/***/project/etl/load/upload_to_gcs.py", line 33, in <module>
[2026-06-20T11:09:34.369+0000] {subprocess.py:93} INFO -     upload_file()
[2026-06-20T11:09:34.370+0000] {subprocess.py:93} INFO -   File "/opt/***/project/etl/load/upload_to_gcs.py", line 18, in upload_file
[2026-06-20T11:09:34.374+0000] {subprocess.py:93} INFO -     client = storage.Client(
[2026-06-20T11:09:34.375+0000] {subprocess.py:93} INFO -              ^^^^^^^^^^^^^^^
[2026-06-20T11:09:34.376+0000] {subprocess.py:93} INFO -   File "/home/***/.local/lib/python3.12/site-packages/google/cloud/storage/client.py", line 267, in __init__
[2026-06-20T11:09:34.376+0000] {subprocess.py:93} INFO -     super(Client, self).__init__(
[2026-06-20T11:09:34.377+0000] {subprocess.py:93} INFO -   File "/home/***/.local/lib/python3.12/site-packages/google/cloud/client/__init__.py", line 340, in __init__
[2026-06-20T11:09:34.377+0000] {subprocess.py:93} INFO -     Client.__init__(
[2026-06-20T11:09:34.378+0000] {subprocess.py:93} INFO -   File "/home/***/.local/lib/python3.12/site-packages/google/cloud/client/__init__.py", line 197, in __init__
[2026-06-20T11:09:34.378+0000] {subprocess.py:93} INFO -     credentials, _ = google.auth.default(scopes=scopes)
[2026-06-20T11:09:34.379+0000] {subprocess.py:93} INFO -                      ^^^^^^^^^^^^^^^^^^^^^^^^^^^^^^^^^^
[2026-06-20T11:09:34.380+0000] {subprocess.py:93} INFO -   File "/home/***/.local/lib/python3.12/site-packages/google/auth/_default.py", line 748, in default
[2026-06-20T11:09:34.380+0000] {subprocess.py:93} INFO -     raise exceptions.DefaultCredentialsError(_CLOUD_SDK_MISSING_CREDENTIALS)
[2026-06-20T11:09:34.381+0000] {subprocess.py:93} INFO - google.auth.exceptions.DefaultCredentialsError: Your default credentials were not found. To set up Application Default Credentials, see https://cloud.google.com/docs/authentication/external/set-up-adc for more information.
[2026-06-20T11:09:34.523+0000] {subprocess.py:93} INFO - Extracting stocks...
[2026-06-20T11:09:34.524+0000] {subprocess.py:93} INFO - Uploading to GCS...
[2026-06-20T11:09:34.524+0000] {subprocess.py:93} INFO - Traceback (most recent call last):
[2026-06-20T11:09:34.525+0000] {subprocess.py:93} INFO -   File "/opt/***/project/pipelines/run_stock_pipeline.py", line 11, in <module>
[2026-06-20T11:09:34.526+0000] {subprocess.py:93} INFO -     subprocess.run(
[2026-06-20T11:09:34.526+0000] {subprocess.py:93} INFO -   File "/usr/local/lib/python3.12/subprocess.py", line 571, in run
[2026-06-20T11:09:34.527+0000] {subprocess.py:93} INFO -     raise CalledProcessError(retcode, process.args,
[2026-06-20T11:09:34.527+0000] {subprocess.py:93} INFO - subprocess.CalledProcessError: Command '['/home/***/.local/bin/python', 'etl/load/upload_to_gcs.py']' returned non-zero exit status 1.
[2026-06-20T11:09:34.533+0000] {subprocess.py:97} INFO - Command exited with return code 1
[2026-06-20T11:09:34.544+0000] {taskinstance.py:3310} ERROR - Task failed with exception
Traceback (most recent call last):
  File "/home/airflow/.local/lib/python3.12/site-packages/airflow/models/taskinstance.py", line 767, in _execute_task
    result = _execute_callable(context=context, **execute_callable_kwargs)
             ^^^^^^^^^^^^^^^^^^^^^^^^^^^^^^^^^^^^^^^^^^^^^^^^^^^^^^^^^^^^^
  File "/home/airflow/.local/lib/python3.12/site-packages/airflow/models/taskinstance.py", line 733, in _execute_callable
    return ExecutionCallableRunner(
           ^^^^^^^^^^^^^^^^^^^^^^^^
  File "/home/airflow/.local/lib/python3.12/site-packages/airflow/utils/operator_helpers.py", line 252, in run
    return self.func(*args, **kwargs)
           ^^^^^^^^^^^^^^^^^^^^^^^^^^
  File "/home/airflow/.local/lib/python3.12/site-packages/airflow/models/baseoperator.py", line 406, in wrapper
    return func(self, *args, **kwargs)
           ^^^^^^^^^^^^^^^^^^^^^^^^^^^
  File "/home/airflow/.local/lib/python3.12/site-packages/airflow/operators/bash.py", line 249, in execute
    raise AirflowException(
airflow.exceptions.AirflowException: Bash command failed. The command returned a non-zero exit code 1.
[2026-06-20T11:09:34.617+0000] {logging_mixin.py:190} INFO - Task instance in failure state
[2026-06-20T11:09:34.617+0000] {logging_mixin.py:190} INFO - Task start:2026-06-20 11:09:25.552196+00:00 end:2026-06-20 11:09:34.616382+00:00 duration:9.064186
[2026-06-20T11:09:34.618+0000] {logging_mixin.py:190} INFO - Task:<Task(BashOperator): run_stock_pipeline> dag:<DAG: stock_pipeline> dagrun:<DagRun stock_pipeline @ 2026-06-20 11:09:21.473558+00:00: manual__2026-06-20T11:09:21.473558+00:00, state:running, queued_at: 2026-06-20 11:09:21.905375+00:00. externally triggered: True>
[2026-06-20T11:09:34.618+0000] {logging_mixin.py:190} INFO - Failure caused by Bash command failed. The command returned a non-zero exit code 1.
[2026-06-20T11:09:34.619+0000] {taskinstance.py:1225} INFO - Marking task as FAILED. dag_id=stock_pipeline, task_id=run_stock_pipeline, run_id=manual__2026-06-20T11:09:21.473558+00:00, execution_date=20260620T110921, start_date=20260620T110925, end_date=20260620T110934
[2026-06-20T11:09:34.869+0000] {taskinstance.py:340} INFO - ::group::Post task execution logs
[2026-06-20T11:09:34.871+0000] {standard_task_runner.py:124} ERROR - Failed to execute job 6 for task run_stock_pipeline (Bash command failed. The command returned a non-zero exit code 1.; 130)
Traceback (most recent call last):
  File "/home/airflow/.local/lib/python3.12/site-packages/airflow/task/task_runner/standard_task_runner.py", line 117, in _start_by_fork
    ret = args.func(args, dag=self.dag)
          ^^^^^^^^^^^^^^^^^^^^^^^^^^^^^
  File "/home/airflow/.local/lib/python3.12/site-packages/airflow/cli/cli_config.py", line 49, in command
    return func(*args, **kwargs)
           ^^^^^^^^^^^^^^^^^^^^^
  File "/home/airflow/.local/lib/python3.12/site-packages/airflow/utils/cli.py", line 115, in wrapper
    return f(*args, **kwargs)
           ^^^^^^^^^^^^^^^^^^
  File "/home/airflow/.local/lib/python3.12/site-packages/airflow/cli/commands/task_command.py", line 483, in task_run
    task_return_code = _run_task_by_selected_method(args, _dag, ti)
                       ^^^^^^^^^^^^^^^^^^^^^^^^^^^^^^^^^^^^^^^^^^^^
  File "/home/airflow/.local/lib/python3.12/site-packages/airflow/cli/commands/task_command.py", line 256, in _run_task_by_selected_method
    return _run_raw_task(args, ti)
           ^^^^^^^^^^^^^^^^^^^^^^^
  File "/home/airflow/.local/lib/python3.12/site-packages/airflow/cli/commands/task_command.py", line 341, in _run_raw_task
    return ti._run_raw_task(
           ^^^^^^^^^^^^^^^^^
  File "/home/airflow/.local/lib/python3.12/site-packages/airflow/utils/session.py", line 97, in wrapper
    return func(*args, session=session, **kwargs)
           ^^^^^^^^^^^^^^^^^^^^^^^^^^^^^^^^^^^^^^
  File "/home/airflow/.local/lib/python3.12/site-packages/airflow/models/taskinstance.py", line 3004, in _run_raw_task
    return _run_raw_task(
           ^^^^^^^^^^^^^^
  File "/home/airflow/.local/lib/python3.12/site-packages/airflow/models/taskinstance.py", line 273, in _run_raw_task
    TaskInstance._execute_task_with_callbacks(
  File "/home/airflow/.local/lib/python3.12/site-packages/airflow/models/taskinstance.py", line 3158, in _execute_task_with_callbacks
    result = self._execute_task(context, task_orig)
             ^^^^^^^^^^^^^^^^^^^^^^^^^^^^^^^^^^^^^^
  File "/home/airflow/.local/lib/python3.12/site-packages/airflow/models/taskinstance.py", line 3182, in _execute_task
    return _execute_task(self, context, task_orig)
           ^^^^^^^^^^^^^^^^^^^^^^^^^^^^^^^^^^^^^^^
  File "/home/airflow/.local/lib/python3.12/site-packages/airflow/models/taskinstance.py", line 767, in _execute_task
    result = _execute_callable(context=context, **execute_callable_kwargs)
             ^^^^^^^^^^^^^^^^^^^^^^^^^^^^^^^^^^^^^^^^^^^^^^^^^^^^^^^^^^^^^
  File "/home/airflow/.local/lib/python3.12/site-packages/airflow/models/taskinstance.py", line 733, in _execute_callable
    return ExecutionCallableRunner(
           ^^^^^^^^^^^^^^^^^^^^^^^^
  File "/home/airflow/.local/lib/python3.12/site-packages/airflow/utils/operator_helpers.py", line 252, in run
    return self.func(*args, **kwargs)
           ^^^^^^^^^^^^^^^^^^^^^^^^^^
  File "/home/airflow/.local/lib/python3.12/site-packages/airflow/models/baseoperator.py", line 406, in wrapper
    return func(self, *args, **kwargs)
           ^^^^^^^^^^^^^^^^^^^^^^^^^^^
  File "/home/airflow/.local/lib/python3.12/site-packages/airflow/operators/bash.py", line 249, in execute
    raise AirflowException(
airflow.exceptions.AirflowException: Bash command failed. The command returned a non-zero exit code 1.
[2026-06-20T11:09:35.080+0000] {local_task_job_runner.py:266} INFO - Task exited with return code 1
[2026-06-20T11:09:35.093+0000] {taskinstance.py:3900} INFO - 0 downstream tasks scheduled from follow-on schedule check
[2026-06-20T11:09:35.162+0000] {local_task_job_runner.py:245} INFO - ::endgroup::
