[2026-06-20T11:16:29.525+0000] {local_task_job_runner.py:123} INFO - ::group::Pre task execution logs
[2026-06-20T11:16:29.546+0000] {taskinstance.py:2612} INFO - Dependencies all met for dep_context=non-requeueable deps ti=<TaskInstance: stock_pipeline.run_stock_pipeline manual__2026-06-20T11:16:26.108104+00:00 [queued]>
[2026-06-20T11:16:29.557+0000] {taskinstance.py:2612} INFO - Dependencies all met for dep_context=requeueable deps ti=<TaskInstance: stock_pipeline.run_stock_pipeline manual__2026-06-20T11:16:26.108104+00:00 [queued]>
[2026-06-20T11:16:29.558+0000] {taskinstance.py:2865} INFO - Starting attempt 1 of 1
[2026-06-20T11:16:29.571+0000] {taskinstance.py:2888} INFO - Executing <Task(BashOperator): run_stock_pipeline> on 2026-06-20 11:16:26.108104+00:00
[2026-06-20T11:16:29.580+0000] {warnings.py:112} WARNING - /home/***/.local/lib/python3.12/site-packages/***/task/task_runner/standard_task_runner.py:70: DeprecationWarning: This process (pid=77) is multi-threaded, use of fork() may lead to deadlocks in the child.
  pid = os.fork()

[2026-06-20T11:16:29.581+0000] {standard_task_runner.py:72} INFO - Started process 79 to run task
[2026-06-20T11:16:29.581+0000] {standard_task_runner.py:104} INFO - Running: ['***', 'tasks', 'run', 'stock_pipeline', 'run_stock_pipeline', 'manual__2026-06-20T11:16:26.108104+00:00', '--job-id', '9', '--raw', '--subdir', 'DAGS_FOLDER/stock_pipeline_dag.py', '--cfg-path', '/tmp/tmpmxqw1vlx']
[2026-06-20T11:16:29.582+0000] {standard_task_runner.py:105} INFO - Job 9: Subtask run_stock_pipeline
[2026-06-20T11:16:29.651+0000] {task_command.py:467} INFO - Running <TaskInstance: stock_pipeline.run_stock_pipeline manual__2026-06-20T11:16:26.108104+00:00 [running]> on host a9eba2d4f286
[2026-06-20T11:16:29.752+0000] {taskinstance.py:3131} INFO - Exporting env vars: AIRFLOW_CTX_DAG_OWNER='***' AIRFLOW_CTX_DAG_ID='stock_pipeline' AIRFLOW_CTX_TASK_ID='run_stock_pipeline' AIRFLOW_CTX_EXECUTION_DATE='2026-06-20T11:16:26.108104+00:00' AIRFLOW_CTX_TRY_NUMBER='1' AIRFLOW_CTX_DAG_RUN_ID='manual__2026-06-20T11:16:26.108104+00:00'
[2026-06-20T11:16:29.754+0000] {logging_mixin.py:190} INFO - Task instance is in running state
[2026-06-20T11:16:29.754+0000] {logging_mixin.py:190} INFO -  Previous state of the Task instance: queued
[2026-06-20T11:16:29.755+0000] {logging_mixin.py:190} INFO - Current task name:run_stock_pipeline state:running start_date:2026-06-20 11:16:29.547311+00:00
[2026-06-20T11:16:29.755+0000] {logging_mixin.py:190} INFO - Dag name:stock_pipeline and current dag run status:running
[2026-06-20T11:16:29.756+0000] {taskinstance.py:731} INFO - ::endgroup::
[2026-06-20T11:16:29.757+0000] {subprocess.py:63} INFO - Tmp dir root location: /tmp
[2026-06-20T11:16:29.759+0000] {subprocess.py:75} INFO - Running command: ['/usr/bin/bash', '-c', '\n        cd /opt/***/project &&\n        python pipelines/run_stock_pipeline.py\n        ']
[2026-06-20T11:16:29.779+0000] {subprocess.py:86} INFO - Output:
[2026-06-20T11:16:42.713+0000] {subprocess.py:93} INFO - Failed to get ticker 'NVDA' reason: Failed to perform, curl: (56) Connection closed abruptly. See https://curl.se/libcurl/c/libcurl-errors.html first for more details.
[2026-06-20T11:16:44.610+0000] {subprocess.py:93} INFO - Downloading NVDA...
[2026-06-20T11:16:44.611+0000] {subprocess.py:93} INFO - Downloading AMD...
[2026-06-20T11:16:44.611+0000] {subprocess.py:93} INFO - Downloading AVGO...
[2026-06-20T11:16:44.612+0000] {subprocess.py:93} INFO - Downloading META...
[2026-06-20T11:16:44.612+0000] {subprocess.py:93} INFO - Downloading BABA...
[2026-06-20T11:16:44.612+0000] {subprocess.py:93} INFO - Downloading TSM...
[2026-06-20T11:16:44.613+0000] {subprocess.py:93} INFO -         Date      Close       High        Low       Open     Volume ticker
[2026-06-20T11:16:44.613+0000] {subprocess.py:93} INFO - 0 2021-06-21  18.363729  18.472604  17.761313  18.371701  672384000   NVDA
[2026-06-20T11:16:44.613+0000] {subprocess.py:93} INFO - 1 2021-06-22  18.821644  18.898380  18.322620  18.407826  580144000   NVDA
[2026-06-20T11:16:44.613+0000] {subprocess.py:93} INFO - 2 2021-06-23  18.991556  19.086728  18.842572  18.942227  332356000   NVDA
[2026-06-20T11:16:44.614+0000] {subprocess.py:93} INFO - 3 2021-06-24  19.139299  19.353060  19.022453  19.161474  320924000   NVDA
[2026-06-20T11:16:44.614+0000] {subprocess.py:93} INFO - 4 2021-06-25  18.965403  19.278819  18.829374  19.214043  278364000   NVDA
[2026-06-20T11:16:44.615+0000] {subprocess.py:93} INFO - 
[2026-06-20T11:16:44.615+0000] {subprocess.py:93} INFO - Index(['Date', 'Close', 'High', 'Low', 'Open', 'Volume', 'ticker'], dtype='str')
[2026-06-20T11:16:44.615+0000] {subprocess.py:93} INFO - (7530, 7)
[2026-06-20T11:16:44.615+0000] {subprocess.py:93} INFO - 
[2026-06-20T11:16:44.616+0000] {subprocess.py:93} INFO - Ticker Counts:
[2026-06-20T11:16:44.616+0000] {subprocess.py:93} INFO - ticker
[2026-06-20T11:16:44.617+0000] {subprocess.py:93} INFO - NVDA    1255
[2026-06-20T11:16:44.617+0000] {subprocess.py:93} INFO - AMD     1255
[2026-06-20T11:16:44.617+0000] {subprocess.py:93} INFO - AVGO    1255
[2026-06-20T11:16:44.618+0000] {subprocess.py:93} INFO - META    1255
[2026-06-20T11:16:44.618+0000] {subprocess.py:93} INFO - BABA    1255
[2026-06-20T11:16:44.618+0000] {subprocess.py:93} INFO - TSM     1255
[2026-06-20T11:16:44.618+0000] {subprocess.py:93} INFO - Name: count, dtype: int64
[2026-06-20T11:16:44.619+0000] {subprocess.py:93} INFO - Saved to data/raw/stocks/stocks_raw.parquet
[2026-06-20T11:16:47.553+0000] {subprocess.py:93} INFO - Uploaded data/raw/stocks/stocks_raw.parquet
[2026-06-20T11:16:47.554+0000] {subprocess.py:93} INFO - GCS Path: gs://market-macro-intel-lake-steven/raw/stocks/stocks_raw.parquet
[2026-06-20T11:16:53.065+0000] {subprocess.py:93} INFO - Loaded 7530 rows into market-macro-intelligence.market_macro_dw.stock_prices
[2026-06-20T11:16:53.239+0000] {subprocess.py:93} INFO - Extracting stocks...
[2026-06-20T11:16:53.240+0000] {subprocess.py:93} INFO - Uploading to GCS...
[2026-06-20T11:16:53.241+0000] {subprocess.py:93} INFO - Loading to BigQuery...
[2026-06-20T11:16:53.241+0000] {subprocess.py:93} INFO - Stock pipeline completed!
[2026-06-20T11:16:53.245+0000] {subprocess.py:97} INFO - Command exited with return code 0
[2026-06-20T11:16:53.269+0000] {taskinstance.py:340} INFO - ::group::Post task execution logs
[2026-06-20T11:16:53.269+0000] {taskinstance.py:352} INFO - Marking task as SUCCESS. dag_id=stock_pipeline, task_id=run_stock_pipeline, run_id=manual__2026-06-20T11:16:26.108104+00:00, execution_date=20260620T111626, start_date=20260620T111629, end_date=20260620T111653
[2026-06-20T11:16:53.279+0000] {logging_mixin.py:190} INFO - Task instance in success state
[2026-06-20T11:16:53.280+0000] {logging_mixin.py:190} INFO -  Previous state of the Task instance: running
[2026-06-20T11:16:53.280+0000] {logging_mixin.py:190} INFO - Dag name:stock_pipeline queued_at:2026-06-20 11:16:26.123632+00:00
[2026-06-20T11:16:53.280+0000] {logging_mixin.py:190} INFO - Task hostname:a9eba2d4f286 operator:BashOperator
[2026-06-20T11:16:53.327+0000] {local_task_job_runner.py:266} INFO - Task exited with return code 0
[2026-06-20T11:16:53.341+0000] {taskinstance.py:3900} INFO - 0 downstream tasks scheduled from follow-on schedule check
[2026-06-20T11:16:53.343+0000] {local_task_job_runner.py:245} INFO - ::endgroup::
